Warning[205] C:\USERS\USUARIO\DESKTOP\IF4000_EXAMENII_ALISSONRODRÌGUEZMORA_C06670\EXAMEN_C06679.ASM 1 : Found directive in column 1. (list)
Warning[205] C:\USERS\USUARIO\DESKTOP\IF4000_EXAMENII_ALISSONRODRÌGUEZMORA_C06670\EXAMEN_C06679.ASM 2 : Found directive in column 1. (include)
Message[301] C:\PROGRAM FILES (X86)\MICROCHIP\MPASM SUITE\P16F84.INC 33 : MESSAGE: (Processor-header file mismatch.  Verify selected processor.)
Warning[205] C:\USERS\USUARIO\DESKTOP\IF4000_EXAMENII_ALISSONRODRÌGUEZMORA_C06670\EXAMEN_C06679.ASM 4 : Found directive in column 1. (__CONFIG)
Warning[205] C:\USERS\USUARIO\DESKTOP\IF4000_EXAMENII_ALISSONRODRÌGUEZMORA_C06670\EXAMEN_C06679.ASM 14 : Found directive in column 1. (org)
Message[302] C:\USERS\USUARIO\DESKTOP\IF4000_EXAMENII_ALISSONRODRÌGUEZMORA_C06670\EXAMEN_C06679.ASM 18 : Register in operand not in bank 0.  Ensure that bank bits are correct.
Message[302] C:\USERS\USUARIO\DESKTOP\IF4000_EXAMENII_ALISSONRODRÌGUEZMORA_C06670\EXAMEN_C06679.ASM 21 : Register in operand not in bank 0.  Ensure that bank bits are correct.
Message[302] C:\USERS\USUARIO\DESKTOP\IF4000_EXAMENII_ALISSONRODRÌGUEZMORA_C06670\EXAMEN_C06679.ASM 23 : Register in operand not in bank 0.  Ensure that bank bits are correct.
Warning[219] C:\USERS\USUARIO\DESKTOP\IF4000_EXAMENII_ALISSONRODRÌGUEZMORA_C06670\EXAMEN_C06679.ASM 39 : Invalid RAM location specified.
Message[302] C:\USERS\USUARIO\DESKTOP\IF4000_EXAMENII_ALISSONRODRÌGUEZMORA_C06670\EXAMEN_C06679.ASM 39 : Register in operand not in bank 0.  Ensure that bank bits are correct.
Message[305] C:\USERS\USUARIO\DESKTOP\IF4000_EXAMENII_ALISSONRODRÌGUEZMORA_C06670\EXAMEN_C06679.ASM 127 : Using default destination of 1 (file).
Warning[202] C:\USERS\USUARIO\DESKTOP\IF4000_EXAMENII_ALISSONRODRÌGUEZMORA_C06670\EXAMEN_C06679.ASM 131 : Argument out of range.  Least significant bits used.
Message[305] C:\USERS\USUARIO\DESKTOP\IF4000_EXAMENII_ALISSONRODRÌGUEZMORA_C06670\EXAMEN_C06679.ASM 140 : Using default destination of 1 (file).
Warning[202] C:\USERS\USUARIO\DESKTOP\IF4000_EXAMENII_ALISSONRODRÌGUEZMORA_C06670\EXAMEN_C06679.ASM 144 : Argument out of range.  Least significant bits used.
Message[305] C:\USERS\USUARIO\DESKTOP\IF4000_EXAMENII_ALISSONRODRÌGUEZMORA_C06670\EXAMEN_C06679.ASM 153 : Using default destination of 1 (file).
Warning[202] C:\USERS\USUARIO\DESKTOP\IF4000_EXAMENII_ALISSONRODRÌGUEZMORA_C06670\EXAMEN_C06679.ASM 157 : Argument out of range.  Least significant bits used.
Message[305] C:\USERS\USUARIO\DESKTOP\IF4000_EXAMENII_ALISSONRODRÌGUEZMORA_C06670\EXAMEN_C06679.ASM 166 : Using default destination of 1 (file).
Warning[202] C:\USERS\USUARIO\DESKTOP\IF4000_EXAMENII_ALISSONRODRÌGUEZMORA_C06670\EXAMEN_C06679.ASM 170 : Argument out of range.  Least significant bits used.
Message[305] C:\USERS\USUARIO\DESKTOP\IF4000_EXAMENII_ALISSONRODRÌGUEZMORA_C06670\EXAMEN_C06679.ASM 180 : Using default destination of 1 (file).
Warning[202] C:\USERS\USUARIO\DESKTOP\IF4000_EXAMENII_ALISSONRODRÌGUEZMORA_C06670\EXAMEN_C06679.ASM 184 : Argument out of range.  Least significant bits used.
Message[305] C:\USERS\USUARIO\DESKTOP\IF4000_EXAMENII_ALISSONRODRÌGUEZMORA_C06670\EXAMEN_C06679.ASM 192 : Using default destination of 1 (file).
Warning[202] C:\USERS\USUARIO\DESKTOP\IF4000_EXAMENII_ALISSONRODRÌGUEZMORA_C06670\EXAMEN_C06679.ASM 196 : Argument out of range.  Least significant bits used.
Message[305] C:\USERS\USUARIO\DESKTOP\IF4000_EXAMENII_ALISSONRODRÌGUEZMORA_C06670\EXAMEN_C06679.ASM 204 : Using default destination of 1 (file).
Warning[202] C:\USERS\USUARIO\DESKTOP\IF4000_EXAMENII_ALISSONRODRÌGUEZMORA_C06670\EXAMEN_C06679.ASM 208 : Argument out of range.  Least significant bits used.
Message[305] C:\USERS\USUARIO\DESKTOP\IF4000_EXAMENII_ALISSONRODRÌGUEZMORA_C06670\EXAMEN_C06679.ASM 216 : Using default destination of 1 (file).
Warning[202] C:\USERS\USUARIO\DESKTOP\IF4000_EXAMENII_ALISSONRODRÌGUEZMORA_C06670\EXAMEN_C06679.ASM 220 : Argument out of range.  Least significant bits used.
Warning[205] C:\USERS\USUARIO\DESKTOP\IF4000_EXAMENII_ALISSONRODRÌGUEZMORA_C06670\EXAMEN_C06679.ASM 244 : Found directive in column 1. (END)
